The system is: Linux - 4.19.128-microsoft-standard - x86_64
Compiling the C compiler identification source file "CMakeCCompilerId.c" succeeded.
Compiler: /usr/bin/cc 
Build flags: --coverage
Id flags:  

The output was:
0


Compilation of the C compiler identification source "CMakeCCompilerId.c" produced "CMakeCCompilerId.gcno"

Compilation of the C compiler identification source "CMakeCCompilerId.c" produced "a.out"

The C compiler identification is GNU, found in "/mnt/d/Facultate/Anul_2/Proiect POO/TEMA1/cmake-build-debug-coverage/CMakeFiles/3.16.3/CompilerIdC/a.out"

Compiling the CXX compiler identification source file "CMakeCXXCompilerId.cpp" succeeded.
Compiler: /usr/bin/c++ 
Build flags: --coverage
Id flags:  

The output was:
0


Compilation of the CXX compiler identification source "CMakeCXXCompilerId.cpp" produced "CMakeCXXCompilerId.gcno"

Compilation of the CXX compiler identification source "CMakeCXXCompilerId.cpp" produced "a.out"

The CXX compiler identification is GNU, found in "/mnt/d/Facultate/Anul_2/Proiect POO/TEMA1/cmake-build-debug-coverage/CMakeFiles/3.16.3/CompilerIdCXX/a.out"

Determining if the C compiler works passed with the following output:
Change Dir: /mnt/d/Facultate/Anul_2/Proiect POO/TEMA1/cmake-build-debug-coverage/CMakeFiles/CMakeTmp

Run Build Command(s):/usr/bin/make cmTC_f1c9f/fast && make: Warning: File 'Makefile' has modification time 1.4 s in the future
/usr/bin/make -f CMakeFiles/cmTC_f1c9f.dir/build.make CMakeFiles/cmTC_f1c9f.dir/build
make[1]: Entering directory '/mnt/d/Facultate/Anul_2/Proiect POO/TEMA1/cmake-build-debug-coverage/CMakeFiles/CMakeTmp'
make[1]: Warning: File 'CMakeFiles/cmTC_f1c9f.dir/flags.make' has modification time 1.3 s in the future
Building C object CMakeFiles/cmTC_f1c9f.dir/testCCompiler.c.o
/usr/bin/cc   --coverage    -o CMakeFiles/cmTC_f1c9f.dir/testCCompiler.c.o   -c "/mnt/d/Facultate/Anul_2/Proiect POO/TEMA1/cmake-build-debug-coverage/CMakeFiles/CMakeTmp/testCCompiler.c"
Linking C executable cmTC_f1c9f
/usr/bin/cmake -E cmake_link_script CMakeFiles/cmTC_f1c9f.dir/link.txt --verbose=1
/usr/bin/cc --coverage     -rdynamic CMakeFiles/cmTC_f1c9f.dir/testCCompiler.c.o  -o cmTC_f1c9f 
make[1]: warning:  Clock skew detected.  Your build may be incomplete.
make[1]: Leaving directory '/mnt/d/Facultate/Anul_2/Proiect POO/TEMA1/cmake-build-debug-coverage/CMakeFiles/CMakeTmp'
make: warning:  Clock skew detected.  Your build may be incomplete.



Determining if the CXX compiler works passed with the following output:
Change Dir: /mnt/d/Facultate/Anul_2/Proiect POO/TEMA1/cmake-build-debug-coverage/CMakeFiles/CMakeTmp

Run Build Command(s):/usr/bin/make cmTC_53d8a/fast && make: Warning: File 'Makefile' has modification time 1.4 s in the future
/usr/bin/make -f CMakeFiles/cmTC_53d8a.dir/build.make CMakeFiles/cmTC_53d8a.dir/build
make[1]: Entering directory '/mnt/d/Facultate/Anul_2/Proiect POO/TEMA1/cmake-build-debug-coverage/CMakeFiles/CMakeTmp'
make[1]: Warning: File 'CMakeFiles/cmTC_53d8a.dir/flags.make' has modification time 1.3 s in the future
Building CXX object CMakeFiles/cmTC_53d8a.dir/testCXXCompiler.cxx.o
/usr/bin/c++    --coverage    -o CMakeFiles/cmTC_53d8a.dir/testCXXCompiler.cxx.o -c "/mnt/d/Facultate/Anul_2/Proiect POO/TEMA1/cmake-build-debug-coverage/CMakeFiles/CMakeTmp/testCXXCompiler.cxx"
Linking CXX executable cmTC_53d8a
/usr/bin/cmake -E cmake_link_script CMakeFiles/cmTC_53d8a.dir/link.txt --verbose=1
/usr/bin/c++  --coverage     -rdynamic CMakeFiles/cmTC_53d8a.dir/testCXXCompiler.cxx.o  -o cmTC_53d8a 
make[1]: warning:  Clock skew detected.  Your build may be incomplete.
make[1]: Leaving directory '/mnt/d/Facultate/Anul_2/Proiect POO/TEMA1/cmake-build-debug-coverage/CMakeFiles/CMakeTmp'
make: warning:  Clock skew detected.  Your build may be incomplete.



